2022-05-11 19:08:19,404 [INFO] sqlalchemy.engine.Engine: BEGIN (implicit)
2022-05-11 19:08:19,404 [INFO] sqlalchemy.engine.Engine: PRAGMA main.table_info("users")
2022-05-11 19:08:19,405 [INFO] sqlalchemy.engine.Engine: [raw sql] ()
2022-05-11 19:08:19,405 [INFO] sqlalchemy.engine.Engine: PRAGMA temp.table_info("users")
2022-05-11 19:08:19,405 [INFO] sqlalchemy.engine.Engine: [raw sql] ()
2022-05-11 19:08:19,406 [INFO] sqlalchemy.engine.Engine: 
CREATE TABLE users (
	id INTEGER NOT NULL, 
	email VARCHAR(120) NOT NULL, 
	password VARCHAR(300) NOT NULL, 
	about VARCHAR(300), 
	authenticated BOOLEAN, 
	registered_on DATETIME, 
	is_active BOOLEAN DEFAULT '1' NOT NULL, 
	is_admin BOOLEAN DEFAULT '0' NOT NULL, 
	PRIMARY KEY (id), 
	UNIQUE (email), 
	UNIQUE (password)
)


2022-05-11 19:08:19,407 [INFO] sqlalchemy.engine.Engine: [no key 0.00053s] ()
2022-05-11 19:08:19,407 [INFO] sqlalchemy.engine.Engine: COMMIT
2022-05-11 19:08:19,409 [INFO] sqlalchemy.engine.Engine: BEGIN (implicit)
2022-05-11 19:08:19,409 [INFO] sqlalchemy.engine.Engine: PRAGMA main.table_info("users")
2022-05-11 19:08:19,409 [INFO] sqlalchemy.engine.Engine: [raw sql] ()
2022-05-11 19:08:19,410 [INFO] sqlalchemy.engine.Engine: COMMIT
2022-05-11 19:08:19,410 [INFO] sqlalchemy.engine.Engine: BEGIN (implicit)
2022-05-11 19:08:19,410 [INFO] sqlalchemy.engine.Engine: PRAGMA main.table_info("users")
2022-05-11 19:08:19,410 [INFO] sqlalchemy.engine.Engine: [raw sql] ()
2022-05-11 19:08:19,411 [INFO] sqlalchemy.engine.Engine: COMMIT
2022-05-11 19:08:19,524 [INFO] sqlalchemy.engine.Engine: BEGIN (implicit)
2022-05-11 19:08:19,525 [INFO] sqlalchemy.engine.Engine: PRAGMA main.table_info("users")
2022-05-11 19:08:19,525 [INFO] sqlalchemy.engine.Engine: [raw sql] ()
2022-05-11 19:08:19,525 [INFO] sqlalchemy.engine.Engine: PRAGMA temp.table_info("users")
2022-05-11 19:08:19,526 [INFO] sqlalchemy.engine.Engine: [raw sql] ()
2022-05-11 19:08:19,526 [INFO] sqlalchemy.engine.Engine: 
CREATE TABLE users (
	id INTEGER NOT NULL, 
	email VARCHAR(120) NOT NULL, 
	password VARCHAR(300) NOT NULL, 
	about VARCHAR(300), 
	authenticated BOOLEAN, 
	registered_on DATETIME, 
	is_active BOOLEAN DEFAULT '1' NOT NULL, 
	is_admin BOOLEAN DEFAULT '0' NOT NULL, 
	PRIMARY KEY (id), 
	UNIQUE (email), 
	UNIQUE (password)
)


2022-05-11 19:08:19,527 [INFO] sqlalchemy.engine.Engine: [no key 0.00032s] ()
2022-05-11 19:08:19,527 [INFO] sqlalchemy.engine.Engine: COMMIT
2022-05-11 19:08:19,536 [INFO] sqlalchemy.engine.Engine: BEGIN (implicit)
2022-05-11 19:08:19,537 [INFO] sqlalchemy.engine.Engine: PRAGMA main.table_info("users")
2022-05-11 19:08:19,537 [INFO] sqlalchemy.engine.Engine: [raw sql] ()
2022-05-11 19:08:19,537 [INFO] sqlalchemy.engine.Engine: PRAGMA temp.table_info("users")
2022-05-11 19:08:19,538 [INFO] sqlalchemy.engine.Engine: [raw sql] ()
2022-05-11 19:08:19,539 [INFO] sqlalchemy.engine.Engine: 
CREATE TABLE users (
	id INTEGER NOT NULL, 
	email VARCHAR(120) NOT NULL, 
	password VARCHAR(300) NOT NULL, 
	about VARCHAR(300), 
	authenticated BOOLEAN, 
	registered_on DATETIME, 
	is_active BOOLEAN DEFAULT '1' NOT NULL, 
	is_admin BOOLEAN DEFAULT '0' NOT NULL, 
	PRIMARY KEY (id), 
	UNIQUE (email), 
	UNIQUE (password)
)


2022-05-11 19:08:19,539 [INFO] sqlalchemy.engine.Engine: [no key 0.00040s] ()
2022-05-11 19:08:19,539 [INFO] sqlalchemy.engine.Engine: COMMIT
2022-05-11 19:08:19,548 [INFO] sqlalchemy.engine.Engine: BEGIN (implicit)
2022-05-11 19:08:19,549 [INFO] sqlalchemy.engine.Engine: PRAGMA main.table_info("users")
2022-05-11 19:08:19,549 [INFO] sqlalchemy.engine.Engine: [raw sql] ()
2022-05-11 19:08:19,550 [INFO] sqlalchemy.engine.Engine: PRAGMA temp.table_info("users")
2022-05-11 19:08:19,550 [INFO] sqlalchemy.engine.Engine: [raw sql] ()
2022-05-11 19:08:19,551 [INFO] sqlalchemy.engine.Engine: 
CREATE TABLE users (
	id INTEGER NOT NULL, 
	email VARCHAR(120) NOT NULL, 
	password VARCHAR(300) NOT NULL, 
	about VARCHAR(300), 
	authenticated BOOLEAN, 
	registered_on DATETIME, 
	is_active BOOLEAN DEFAULT '1' NOT NULL, 
	is_admin BOOLEAN DEFAULT '0' NOT NULL, 
	PRIMARY KEY (id), 
	UNIQUE (email), 
	UNIQUE (password)
)


2022-05-11 19:08:19,551 [INFO] sqlalchemy.engine.Engine: [no key 0.00031s] ()
2022-05-11 19:08:19,551 [INFO] sqlalchemy.engine.Engine: COMMIT
2022-05-11 19:08:19,561 [INFO] sqlalchemy.engine.Engine: BEGIN (implicit)
2022-05-11 19:08:19,561 [INFO] sqlalchemy.engine.Engine: PRAGMA main.table_info("users")
2022-05-11 19:08:19,561 [INFO] sqlalchemy.engine.Engine: [raw sql] ()
2022-05-11 19:08:19,562 [INFO] sqlalchemy.engine.Engine: PRAGMA temp.table_info("users")
2022-05-11 19:08:19,562 [INFO] sqlalchemy.engine.Engine: [raw sql] ()
2022-05-11 19:08:19,563 [INFO] sqlalchemy.engine.Engine: 
CREATE TABLE users (
	id INTEGER NOT NULL, 
	email VARCHAR(120) NOT NULL, 
	password VARCHAR(300) NOT NULL, 
	about VARCHAR(300), 
	authenticated BOOLEAN, 
	registered_on DATETIME, 
	is_active BOOLEAN DEFAULT '1' NOT NULL, 
	is_admin BOOLEAN DEFAULT '0' NOT NULL, 
	PRIMARY KEY (id), 
	UNIQUE (email), 
	UNIQUE (password)
)


2022-05-11 19:08:19,563 [INFO] sqlalchemy.engine.Engine: [no key 0.00025s] ()
2022-05-11 19:08:19,563 [INFO] sqlalchemy.engine.Engine: COMMIT
2022-05-11 19:08:19,565 [INFO] sqlalchemy.engine.Engine: BEGIN (implicit)
2022-05-11 19:08:19,565 [INFO] sqlalchemy.engine.Engine: PRAGMA main.table_info("users")
2022-05-11 19:08:19,565 [INFO] sqlalchemy.engine.Engine: [raw sql] ()
2022-05-11 19:08:19,566 [INFO] sqlalchemy.engine.Engine: COMMIT
2022-05-11 19:08:19,566 [INFO] sqlalchemy.engine.Engine: BEGIN (implicit)
2022-05-11 19:08:19,566 [INFO] sqlalchemy.engine.Engine: PRAGMA main.table_info("users")
2022-05-11 19:08:19,566 [INFO] sqlalchemy.engine.Engine: [raw sql] ()
2022-05-11 19:08:19,567 [INFO] sqlalchemy.engine.Engine: COMMIT
2022-05-11 19:08:19,665 [INFO] sqlalchemy.engine.Engine: BEGIN (implicit)
2022-05-11 19:08:19,665 [INFO] sqlalchemy.engine.Engine: PRAGMA main.table_info("users")
2022-05-11 19:08:19,665 [INFO] sqlalchemy.engine.Engine: [raw sql] ()
2022-05-11 19:08:19,666 [INFO] sqlalchemy.engine.Engine: PRAGMA temp.table_info("users")
2022-05-11 19:08:19,666 [INFO] sqlalchemy.engine.Engine: [raw sql] ()
2022-05-11 19:08:19,666 [INFO] sqlalchemy.engine.Engine: 
CREATE TABLE users (
	id INTEGER NOT NULL, 
	email VARCHAR(120) NOT NULL, 
	password VARCHAR(300) NOT NULL, 
	about VARCHAR(300), 
	authenticated BOOLEAN, 
	registered_on DATETIME, 
	is_active BOOLEAN DEFAULT '1' NOT NULL, 
	is_admin BOOLEAN DEFAULT '0' NOT NULL, 
	PRIMARY KEY (id), 
	UNIQUE (email), 
	UNIQUE (password)
)


2022-05-11 19:08:19,667 [INFO] sqlalchemy.engine.Engine: [no key 0.00031s] ()
2022-05-11 19:08:19,667 [INFO] sqlalchemy.engine.Engine: COMMIT
2022-05-11 19:08:19,668 [INFO] sqlalchemy.engine.Engine: BEGIN (implicit)
2022-05-11 19:08:19,669 [INFO] sqlalchemy.engine.Engine: PRAGMA main.table_info("users")
2022-05-11 19:08:19,669 [INFO] sqlalchemy.engine.Engine: [raw sql] ()
2022-05-11 19:08:19,669 [INFO] sqlalchemy.engine.Engine: COMMIT
2022-05-11 19:08:19,670 [INFO] sqlalchemy.engine.Engine: BEGIN (implicit)
2022-05-11 19:08:19,670 [INFO] sqlalchemy.engine.Engine: PRAGMA main.table_info("users")
2022-05-11 19:08:19,670 [INFO] sqlalchemy.engine.Engine: [raw sql] ()
2022-05-11 19:08:19,670 [INFO] sqlalchemy.engine.Engine: COMMIT
2022-05-11 19:08:19,763 [INFO] sqlalchemy.engine.Engine: BEGIN (implicit)
2022-05-11 19:08:19,763 [INFO] sqlalchemy.engine.Engine: PRAGMA main.table_info("users")
2022-05-11 19:08:19,763 [INFO] sqlalchemy.engine.Engine: [raw sql] ()
2022-05-11 19:08:19,764 [INFO] sqlalchemy.engine.Engine: PRAGMA temp.table_info("users")
2022-05-11 19:08:19,764 [INFO] sqlalchemy.engine.Engine: [raw sql] ()
2022-05-11 19:08:19,765 [INFO] sqlalchemy.engine.Engine: 
CREATE TABLE users (
	id INTEGER NOT NULL, 
	email VARCHAR(120) NOT NULL, 
	password VARCHAR(300) NOT NULL, 
	about VARCHAR(300), 
	authenticated BOOLEAN, 
	registered_on DATETIME, 
	is_active BOOLEAN DEFAULT '1' NOT NULL, 
	is_admin BOOLEAN DEFAULT '0' NOT NULL, 
	PRIMARY KEY (id), 
	UNIQUE (email), 
	UNIQUE (password)
)


2022-05-11 19:08:19,765 [INFO] sqlalchemy.engine.Engine: [no key 0.00027s] ()
2022-05-11 19:08:19,765 [INFO] sqlalchemy.engine.Engine: COMMIT
2022-05-11 19:08:19,767 [INFO] sqlalchemy.engine.Engine: BEGIN (implicit)
2022-05-11 19:08:19,767 [INFO] sqlalchemy.engine.Engine: PRAGMA main.table_info("users")
2022-05-11 19:08:19,767 [INFO] sqlalchemy.engine.Engine: [raw sql] ()
2022-05-11 19:08:19,767 [INFO] sqlalchemy.engine.Engine: COMMIT
2022-05-11 19:08:19,768 [INFO] sqlalchemy.engine.Engine: BEGIN (implicit)
2022-05-11 19:08:19,768 [INFO] sqlalchemy.engine.Engine: PRAGMA main.table_info("users")
2022-05-11 19:08:19,768 [INFO] sqlalchemy.engine.Engine: [raw sql] ()
2022-05-11 19:08:19,768 [INFO] sqlalchemy.engine.Engine: COMMIT
2022-05-11 19:08:19,864 [INFO] sqlalchemy.engine.Engine: BEGIN (implicit)
2022-05-11 19:08:19,864 [INFO] sqlalchemy.engine.Engine: PRAGMA main.table_info("users")
2022-05-11 19:08:19,864 [INFO] sqlalchemy.engine.Engine: [raw sql] ()
2022-05-11 19:08:19,865 [INFO] sqlalchemy.engine.Engine: PRAGMA temp.table_info("users")
2022-05-11 19:08:19,865 [INFO] sqlalchemy.engine.Engine: [raw sql] ()
2022-05-11 19:08:19,866 [INFO] sqlalchemy.engine.Engine: 
CREATE TABLE users (
	id INTEGER NOT NULL, 
	email VARCHAR(120) NOT NULL, 
	password VARCHAR(300) NOT NULL, 
	about VARCHAR(300), 
	authenticated BOOLEAN, 
	registered_on DATETIME, 
	is_active BOOLEAN DEFAULT '1' NOT NULL, 
	is_admin BOOLEAN DEFAULT '0' NOT NULL, 
	PRIMARY KEY (id), 
	UNIQUE (email), 
	UNIQUE (password)
)


2022-05-11 19:08:19,866 [INFO] sqlalchemy.engine.Engine: [no key 0.00025s] ()
2022-05-11 19:08:19,866 [INFO] sqlalchemy.engine.Engine: COMMIT
2022-05-11 19:08:19,867 [INFO] sqlalchemy.engine.Engine: BEGIN (implicit)
2022-05-11 19:08:19,868 [INFO] sqlalchemy.engine.Engine: PRAGMA main.table_info("users")
2022-05-11 19:08:19,868 [INFO] sqlalchemy.engine.Engine: [raw sql] ()
2022-05-11 19:08:19,869 [INFO] sqlalchemy.engine.Engine: COMMIT
2022-05-11 19:08:19,869 [INFO] sqlalchemy.engine.Engine: BEGIN (implicit)
2022-05-11 19:08:19,869 [INFO] sqlalchemy.engine.Engine: PRAGMA main.table_info("users")
2022-05-11 19:08:19,870 [INFO] sqlalchemy.engine.Engine: [raw sql] ()
2022-05-11 19:08:19,870 [INFO] sqlalchemy.engine.Engine: COMMIT
2022-05-11 19:08:19,963 [INFO] sqlalchemy.engine.Engine: BEGIN (implicit)
2022-05-11 19:08:19,964 [INFO] sqlalchemy.engine.Engine: PRAGMA main.table_info("users")
2022-05-11 19:08:19,964 [INFO] sqlalchemy.engine.Engine: [raw sql] ()
2022-05-11 19:08:19,964 [INFO] sqlalchemy.engine.Engine: PRAGMA temp.table_info("users")
2022-05-11 19:08:19,965 [INFO] sqlalchemy.engine.Engine: [raw sql] ()
2022-05-11 19:08:19,965 [INFO] sqlalchemy.engine.Engine: 
CREATE TABLE users (
	id INTEGER NOT NULL, 
	email VARCHAR(120) NOT NULL, 
	password VARCHAR(300) NOT NULL, 
	about VARCHAR(300), 
	authenticated BOOLEAN, 
	registered_on DATETIME, 
	is_active BOOLEAN DEFAULT '1' NOT NULL, 
	is_admin BOOLEAN DEFAULT '0' NOT NULL, 
	PRIMARY KEY (id), 
	UNIQUE (email), 
	UNIQUE (password)
)


2022-05-11 19:08:19,966 [INFO] sqlalchemy.engine.Engine: [no key 0.00025s] ()
2022-05-11 19:08:19,966 [INFO] sqlalchemy.engine.Engine: COMMIT
2022-05-11 19:08:19,967 [INFO] sqlalchemy.engine.Engine: BEGIN (implicit)
2022-05-11 19:08:19,967 [INFO] sqlalchemy.engine.Engine: PRAGMA main.table_info("users")
2022-05-11 19:08:19,968 [INFO] sqlalchemy.engine.Engine: [raw sql] ()
2022-05-11 19:08:19,968 [INFO] sqlalchemy.engine.Engine: COMMIT
2022-05-11 19:08:19,968 [INFO] sqlalchemy.engine.Engine: BEGIN (implicit)
2022-05-11 19:08:19,969 [INFO] sqlalchemy.engine.Engine: PRAGMA main.table_info("users")
2022-05-11 19:08:19,969 [INFO] sqlalchemy.engine.Engine: [raw sql] ()
2022-05-11 19:08:19,969 [INFO] sqlalchemy.engine.Engine: COMMIT
2022-05-11 19:08:20,064 [INFO] sqlalchemy.engine.Engine: BEGIN (implicit)
2022-05-11 19:08:20,064 [INFO] sqlalchemy.engine.Engine: PRAGMA main.table_info("users")
2022-05-11 19:08:20,064 [INFO] sqlalchemy.engine.Engine: [raw sql] ()
2022-05-11 19:08:20,065 [INFO] sqlalchemy.engine.Engine: PRAGMA temp.table_info("users")
2022-05-11 19:08:20,065 [INFO] sqlalchemy.engine.Engine: [raw sql] ()
2022-05-11 19:08:20,066 [INFO] sqlalchemy.engine.Engine: 
CREATE TABLE users (
	id INTEGER NOT NULL, 
	email VARCHAR(120) NOT NULL, 
	password VARCHAR(300) NOT NULL, 
	about VARCHAR(300), 
	authenticated BOOLEAN, 
	registered_on DATETIME, 
	is_active BOOLEAN DEFAULT '1' NOT NULL, 
	is_admin BOOLEAN DEFAULT '0' NOT NULL, 
	PRIMARY KEY (id), 
	UNIQUE (email), 
	UNIQUE (password)
)


2022-05-11 19:08:20,066 [INFO] sqlalchemy.engine.Engine: [no key 0.00024s] ()
2022-05-11 19:08:20,066 [INFO] sqlalchemy.engine.Engine: COMMIT
2022-05-11 19:08:20,067 [INFO] sqlalchemy.engine.Engine: BEGIN (implicit)
2022-05-11 19:08:20,068 [INFO] sqlalchemy.engine.Engine: PRAGMA main.table_info("users")
2022-05-11 19:08:20,068 [INFO] sqlalchemy.engine.Engine: [raw sql] ()
2022-05-11 19:08:20,068 [INFO] sqlalchemy.engine.Engine: COMMIT
2022-05-11 19:08:20,068 [INFO] sqlalchemy.engine.Engine: BEGIN (implicit)
2022-05-11 19:08:20,069 [INFO] sqlalchemy.engine.Engine: PRAGMA main.table_info("users")
2022-05-11 19:08:20,069 [INFO] sqlalchemy.engine.Engine: [raw sql] ()
2022-05-11 19:08:20,069 [INFO] sqlalchemy.engine.Engine: COMMIT
2022-05-11 19:08:20,162 [INFO] sqlalchemy.engine.Engine: BEGIN (implicit)
2022-05-11 19:08:20,162 [INFO] sqlalchemy.engine.Engine: PRAGMA main.table_info("users")
2022-05-11 19:08:20,163 [INFO] sqlalchemy.engine.Engine: [raw sql] ()
2022-05-11 19:08:20,163 [INFO] sqlalchemy.engine.Engine: PRAGMA temp.table_info("users")
2022-05-11 19:08:20,163 [INFO] sqlalchemy.engine.Engine: [raw sql] ()
2022-05-11 19:08:20,164 [INFO] sqlalchemy.engine.Engine: 
CREATE TABLE users (
	id INTEGER NOT NULL, 
	email VARCHAR(120) NOT NULL, 
	password VARCHAR(300) NOT NULL, 
	about VARCHAR(300), 
	authenticated BOOLEAN, 
	registered_on DATETIME, 
	is_active BOOLEAN DEFAULT '1' NOT NULL, 
	is_admin BOOLEAN DEFAULT '0' NOT NULL, 
	PRIMARY KEY (id), 
	UNIQUE (email), 
	UNIQUE (password)
)


2022-05-11 19:08:20,164 [INFO] sqlalchemy.engine.Engine: [no key 0.00026s] ()
2022-05-11 19:08:20,165 [INFO] sqlalchemy.engine.Engine: COMMIT
2022-05-11 19:08:20,166 [INFO] sqlalchemy.engine.Engine: BEGIN (implicit)
2022-05-11 19:08:20,166 [INFO] sqlalchemy.engine.Engine: PRAGMA main.table_info("users")
2022-05-11 19:08:20,166 [INFO] sqlalchemy.engine.Engine: [raw sql] ()
2022-05-11 19:08:20,167 [INFO] sqlalchemy.engine.Engine: COMMIT
2022-05-11 19:08:20,167 [INFO] sqlalchemy.engine.Engine: BEGIN (implicit)
2022-05-11 19:08:20,168 [INFO] sqlalchemy.engine.Engine: PRAGMA main.table_info("users")
2022-05-11 19:08:20,168 [INFO] sqlalchemy.engine.Engine: [raw sql] ()
2022-05-11 19:08:20,168 [INFO] sqlalchemy.engine.Engine: COMMIT
2022-05-11 19:08:20,262 [INFO] sqlalchemy.engine.Engine: BEGIN (implicit)
2022-05-11 19:08:20,263 [INFO] sqlalchemy.engine.Engine: PRAGMA main.table_info("users")
2022-05-11 19:08:20,263 [INFO] sqlalchemy.engine.Engine: [raw sql] ()
2022-05-11 19:08:20,264 [INFO] sqlalchemy.engine.Engine: PRAGMA temp.table_info("users")
2022-05-11 19:08:20,264 [INFO] sqlalchemy.engine.Engine: [raw sql] ()
2022-05-11 19:08:20,265 [INFO] sqlalchemy.engine.Engine: 
CREATE TABLE users (
	id INTEGER NOT NULL, 
	email VARCHAR(120) NOT NULL, 
	password VARCHAR(300) NOT NULL, 
	about VARCHAR(300), 
	authenticated BOOLEAN, 
	registered_on DATETIME, 
	is_active BOOLEAN DEFAULT '1' NOT NULL, 
	is_admin BOOLEAN DEFAULT '0' NOT NULL, 
	PRIMARY KEY (id), 
	UNIQUE (email), 
	UNIQUE (password)
)


2022-05-11 19:08:20,266 [INFO] sqlalchemy.engine.Engine: [no key 0.00040s] ()
2022-05-11 19:08:20,266 [INFO] sqlalchemy.engine.Engine: COMMIT
2022-05-11 19:08:20,268 [INFO] sqlalchemy.engine.Engine: BEGIN (implicit)
2022-05-11 19:08:20,268 [INFO] sqlalchemy.engine.Engine: PRAGMA main.table_info("users")
2022-05-11 19:08:20,268 [INFO] sqlalchemy.engine.Engine: [raw sql] ()
2022-05-11 19:08:20,269 [INFO] sqlalchemy.engine.Engine: COMMIT
2022-05-11 19:08:20,269 [INFO] sqlalchemy.engine.Engine: BEGIN (implicit)
2022-05-11 19:08:20,269 [INFO] sqlalchemy.engine.Engine: PRAGMA main.table_info("users")
2022-05-11 19:08:20,270 [INFO] sqlalchemy.engine.Engine: [raw sql] ()
2022-05-11 19:08:20,270 [INFO] sqlalchemy.engine.Engine: COMMIT
2022-05-11 19:08:20,378 [INFO] sqlalchemy.engine.Engine: BEGIN (implicit)
2022-05-11 19:08:20,379 [INFO] sqlalchemy.engine.Engine: PRAGMA main.table_info("users")
2022-05-11 19:08:20,379 [INFO] sqlalchemy.engine.Engine: [raw sql] ()
2022-05-11 19:08:20,379 [INFO] sqlalchemy.engine.Engine: PRAGMA temp.table_info("users")
2022-05-11 19:08:20,379 [INFO] sqlalchemy.engine.Engine: [raw sql] ()
2022-05-11 19:08:20,380 [INFO] sqlalchemy.engine.Engine: 
CREATE TABLE users (
	id INTEGER NOT NULL, 
	email VARCHAR(120) NOT NULL, 
	password VARCHAR(300) NOT NULL, 
	about VARCHAR(300), 
	authenticated BOOLEAN, 
	registered_on DATETIME, 
	is_active BOOLEAN DEFAULT '1' NOT NULL, 
	is_admin BOOLEAN DEFAULT '0' NOT NULL, 
	PRIMARY KEY (id), 
	UNIQUE (email), 
	UNIQUE (password)
)


2022-05-11 19:08:20,380 [INFO] sqlalchemy.engine.Engine: [no key 0.00025s] ()
2022-05-11 19:08:20,381 [INFO] sqlalchemy.engine.Engine: COMMIT
2022-05-11 19:08:20,382 [INFO] sqlalchemy.engine.Engine: BEGIN (implicit)
2022-05-11 19:08:20,382 [INFO] sqlalchemy.engine.Engine: PRAGMA main.table_info("users")
2022-05-11 19:08:20,383 [INFO] sqlalchemy.engine.Engine: [raw sql] ()
2022-05-11 19:08:20,383 [INFO] sqlalchemy.engine.Engine: COMMIT
2022-05-11 19:08:20,383 [INFO] sqlalchemy.engine.Engine: BEGIN (implicit)
2022-05-11 19:08:20,384 [INFO] sqlalchemy.engine.Engine: PRAGMA main.table_info("users")
2022-05-11 19:08:20,384 [INFO] sqlalchemy.engine.Engine: [raw sql] ()
2022-05-11 19:08:20,384 [INFO] sqlalchemy.engine.Engine: COMMIT
2022-05-11 19:08:20,480 [INFO] sqlalchemy.engine.Engine: BEGIN (implicit)
2022-05-11 19:08:20,480 [INFO] sqlalchemy.engine.Engine: PRAGMA main.table_info("users")
2022-05-11 19:08:20,481 [INFO] sqlalchemy.engine.Engine: [raw sql] ()
2022-05-11 19:08:20,481 [INFO] sqlalchemy.engine.Engine: PRAGMA temp.table_info("users")
2022-05-11 19:08:20,481 [INFO] sqlalchemy.engine.Engine: [raw sql] ()
2022-05-11 19:08:20,482 [INFO] sqlalchemy.engine.Engine: 
CREATE TABLE users (
	id INTEGER NOT NULL, 
	email VARCHAR(120) NOT NULL, 
	password VARCHAR(300) NOT NULL, 
	about VARCHAR(300), 
	authenticated BOOLEAN, 
	registered_on DATETIME, 
	is_active BOOLEAN DEFAULT '1' NOT NULL, 
	is_admin BOOLEAN DEFAULT '0' NOT NULL, 
	PRIMARY KEY (id), 
	UNIQUE (email), 
	UNIQUE (password)
)


2022-05-11 19:08:20,482 [INFO] sqlalchemy.engine.Engine: [no key 0.00024s] ()
2022-05-11 19:08:20,482 [INFO] sqlalchemy.engine.Engine: COMMIT
2022-05-11 19:08:20,484 [INFO] sqlalchemy.engine.Engine: BEGIN (implicit)
2022-05-11 19:08:20,484 [INFO] sqlalchemy.engine.Engine: PRAGMA main.table_info("users")
2022-05-11 19:08:20,484 [INFO] sqlalchemy.engine.Engine: [raw sql] ()
2022-05-11 19:08:20,484 [INFO] sqlalchemy.engine.Engine: COMMIT
2022-05-11 19:08:20,485 [INFO] sqlalchemy.engine.Engine: BEGIN (implicit)
2022-05-11 19:08:20,485 [INFO] sqlalchemy.engine.Engine: PRAGMA main.table_info("users")
2022-05-11 19:08:20,486 [INFO] sqlalchemy.engine.Engine: [raw sql] ()
2022-05-11 19:08:20,486 [INFO] sqlalchemy.engine.Engine: COMMIT
2022-05-11 19:08:20,579 [INFO] sqlalchemy.engine.Engine: BEGIN (implicit)
2022-05-11 19:08:20,579 [INFO] sqlalchemy.engine.Engine: PRAGMA main.table_info("users")
2022-05-11 19:08:20,579 [INFO] sqlalchemy.engine.Engine: [raw sql] ()
2022-05-11 19:08:20,580 [INFO] sqlalchemy.engine.Engine: PRAGMA temp.table_info("users")
2022-05-11 19:08:20,580 [INFO] sqlalchemy.engine.Engine: [raw sql] ()
2022-05-11 19:08:20,581 [INFO] sqlalchemy.engine.Engine: 
CREATE TABLE users (
	id INTEGER NOT NULL, 
	email VARCHAR(120) NOT NULL, 
	password VARCHAR(300) NOT NULL, 
	about VARCHAR(300), 
	authenticated BOOLEAN, 
	registered_on DATETIME, 
	is_active BOOLEAN DEFAULT '1' NOT NULL, 
	is_admin BOOLEAN DEFAULT '0' NOT NULL, 
	PRIMARY KEY (id), 
	UNIQUE (email), 
	UNIQUE (password)
)


2022-05-11 19:08:20,581 [INFO] sqlalchemy.engine.Engine: [no key 0.00033s] ()
2022-05-11 19:08:20,582 [INFO] sqlalchemy.engine.Engine: COMMIT
2022-05-11 19:08:20,583 [INFO] sqlalchemy.engine.Engine: BEGIN (implicit)
2022-05-11 19:08:20,584 [INFO] sqlalchemy.engine.Engine: PRAGMA main.table_info("users")
2022-05-11 19:08:20,584 [INFO] sqlalchemy.engine.Engine: [raw sql] ()
2022-05-11 19:08:20,584 [INFO] sqlalchemy.engine.Engine: COMMIT
2022-05-11 19:08:20,585 [INFO] sqlalchemy.engine.Engine: BEGIN (implicit)
2022-05-11 19:08:20,585 [INFO] sqlalchemy.engine.Engine: PRAGMA main.table_info("users")
2022-05-11 19:08:20,585 [INFO] sqlalchemy.engine.Engine: [raw sql] ()
2022-05-11 19:08:20,586 [INFO] sqlalchemy.engine.Engine: COMMIT
2022-05-11 19:08:20,682 [INFO] sqlalchemy.engine.Engine: BEGIN (implicit)
2022-05-11 19:08:20,682 [INFO] sqlalchemy.engine.Engine: PRAGMA main.table_info("users")
2022-05-11 19:08:20,683 [INFO] sqlalchemy.engine.Engine: [raw sql] ()
2022-05-11 19:08:20,683 [INFO] sqlalchemy.engine.Engine: PRAGMA temp.table_info("users")
2022-05-11 19:08:20,683 [INFO] sqlalchemy.engine.Engine: [raw sql] ()
2022-05-11 19:08:20,684 [INFO] sqlalchemy.engine.Engine: 
CREATE TABLE users (
	id INTEGER NOT NULL, 
	email VARCHAR(120) NOT NULL, 
	password VARCHAR(300) NOT NULL, 
	about VARCHAR(300), 
	authenticated BOOLEAN, 
	registered_on DATETIME, 
	is_active BOOLEAN DEFAULT '1' NOT NULL, 
	is_admin BOOLEAN DEFAULT '0' NOT NULL, 
	PRIMARY KEY (id), 
	UNIQUE (email), 
	UNIQUE (password)
)


2022-05-11 19:08:20,684 [INFO] sqlalchemy.engine.Engine: [no key 0.00024s] ()
2022-05-11 19:08:20,685 [INFO] sqlalchemy.engine.Engine: COMMIT
2022-05-11 19:08:20,687 [INFO] sqlalchemy.engine.Engine: BEGIN (implicit)
2022-05-11 19:08:20,690 [INFO] sqlalchemy.engine.Engine: SELECT count(*) AS count_1 
FROM (SELECT users.is_active AS users_is_active, users.id AS users_id, users.email AS users_email, users.password AS users_password, users.about AS users_about, users.authenticated AS users_authenticated, users.registered_on AS users_registered_on, users.is_admin AS users_is_admin 
FROM users) AS anon_1
2022-05-11 19:08:20,691 [INFO] sqlalchemy.engine.Engine: [generated in 0.00036s] ()
2022-05-11 19:08:20,691 [INFO] sqlalchemy.engine.Engine: ROLLBACK
2022-05-11 19:09:12,207 [INFO] sqlalchemy.engine.Engine: BEGIN (implicit)
2022-05-11 19:09:12,208 [INFO] sqlalchemy.engine.Engine: PRAGMA main.table_info("users")
2022-05-11 19:09:12,208 [INFO] sqlalchemy.engine.Engine: [raw sql] ()
2022-05-11 19:09:12,208 [INFO] sqlalchemy.engine.Engine: PRAGMA temp.table_info("users")
2022-05-11 19:09:12,209 [INFO] sqlalchemy.engine.Engine: [raw sql] ()
2022-05-11 19:09:12,210 [INFO] sqlalchemy.engine.Engine: 
CREATE TABLE users (
	id INTEGER NOT NULL, 
	email VARCHAR(120) NOT NULL, 
	password VARCHAR(300) NOT NULL, 
	about VARCHAR(300), 
	authenticated BOOLEAN, 
	registered_on DATETIME, 
	is_active BOOLEAN DEFAULT '1' NOT NULL, 
	is_admin BOOLEAN DEFAULT '0' NOT NULL, 
	PRIMARY KEY (id), 
	UNIQUE (email), 
	UNIQUE (password)
)


2022-05-11 19:09:12,210 [INFO] sqlalchemy.engine.Engine: [no key 0.00051s] ()
2022-05-11 19:09:12,211 [INFO] sqlalchemy.engine.Engine: COMMIT
2022-05-11 19:09:12,213 [INFO] sqlalchemy.engine.Engine: BEGIN (implicit)
2022-05-11 19:09:12,214 [INFO] sqlalchemy.engine.Engine: PRAGMA main.table_info("users")
2022-05-11 19:09:12,214 [INFO] sqlalchemy.engine.Engine: [raw sql] ()
2022-05-11 19:09:12,215 [INFO] sqlalchemy.engine.Engine: COMMIT
2022-05-11 19:09:12,215 [INFO] sqlalchemy.engine.Engine: BEGIN (implicit)
2022-05-11 19:09:12,216 [INFO] sqlalchemy.engine.Engine: PRAGMA main.table_info("users")
2022-05-11 19:09:12,216 [INFO] sqlalchemy.engine.Engine: [raw sql] ()
2022-05-11 19:09:12,216 [INFO] sqlalchemy.engine.Engine: COMMIT
2022-05-11 19:09:12,343 [INFO] sqlalchemy.engine.Engine: BEGIN (implicit)
2022-05-11 19:09:12,344 [INFO] sqlalchemy.engine.Engine: PRAGMA main.table_info("users")
2022-05-11 19:09:12,344 [INFO] sqlalchemy.engine.Engine: [raw sql] ()
2022-05-11 19:09:12,345 [INFO] sqlalchemy.engine.Engine: PRAGMA temp.table_info("users")
2022-05-11 19:09:12,345 [INFO] sqlalchemy.engine.Engine: [raw sql] ()
2022-05-11 19:09:12,346 [INFO] sqlalchemy.engine.Engine: 
CREATE TABLE users (
	id INTEGER NOT NULL, 
	email VARCHAR(120) NOT NULL, 
	password VARCHAR(300) NOT NULL, 
	about VARCHAR(300), 
	authenticated BOOLEAN, 
	registered_on DATETIME, 
	is_active BOOLEAN DEFAULT '1' NOT NULL, 
	is_admin BOOLEAN DEFAULT '0' NOT NULL, 
	PRIMARY KEY (id), 
	UNIQUE (email), 
	UNIQUE (password)
)


2022-05-11 19:09:12,346 [INFO] sqlalchemy.engine.Engine: [no key 0.00025s] ()
2022-05-11 19:09:12,346 [INFO] sqlalchemy.engine.Engine: COMMIT
2022-05-11 19:09:12,356 [INFO] sqlalchemy.engine.Engine: BEGIN (implicit)
2022-05-11 19:09:12,356 [INFO] sqlalchemy.engine.Engine: PRAGMA main.table_info("users")
2022-05-11 19:09:12,356 [INFO] sqlalchemy.engine.Engine: [raw sql] ()
2022-05-11 19:09:12,357 [INFO] sqlalchemy.engine.Engine: PRAGMA temp.table_info("users")
2022-05-11 19:09:12,357 [INFO] sqlalchemy.engine.Engine: [raw sql] ()
2022-05-11 19:09:12,358 [INFO] sqlalchemy.engine.Engine: 
CREATE TABLE users (
	id INTEGER NOT NULL, 
	email VARCHAR(120) NOT NULL, 
	password VARCHAR(300) NOT NULL, 
	about VARCHAR(300), 
	authenticated BOOLEAN, 
	registered_on DATETIME, 
	is_active BOOLEAN DEFAULT '1' NOT NULL, 
	is_admin BOOLEAN DEFAULT '0' NOT NULL, 
	PRIMARY KEY (id), 
	UNIQUE (email), 
	UNIQUE (password)
)


2022-05-11 19:09:12,358 [INFO] sqlalchemy.engine.Engine: [no key 0.00026s] ()
2022-05-11 19:09:12,358 [INFO] sqlalchemy.engine.Engine: COMMIT
2022-05-11 19:09:12,367 [INFO] sqlalchemy.engine.Engine: BEGIN (implicit)
2022-05-11 19:09:12,368 [INFO] sqlalchemy.engine.Engine: PRAGMA main.table_info("users")
2022-05-11 19:09:12,368 [INFO] sqlalchemy.engine.Engine: [raw sql] ()
2022-05-11 19:09:12,368 [INFO] sqlalchemy.engine.Engine: PRAGMA temp.table_info("users")
2022-05-11 19:09:12,368 [INFO] sqlalchemy.engine.Engine: [raw sql] ()
2022-05-11 19:09:12,369 [INFO] sqlalchemy.engine.Engine: 
CREATE TABLE users (
	id INTEGER NOT NULL, 
	email VARCHAR(120) NOT NULL, 
	password VARCHAR(300) NOT NULL, 
	about VARCHAR(300), 
	authenticated BOOLEAN, 
	registered_on DATETIME, 
	is_active BOOLEAN DEFAULT '1' NOT NULL, 
	is_admin BOOLEAN DEFAULT '0' NOT NULL, 
	PRIMARY KEY (id), 
	UNIQUE (email), 
	UNIQUE (password)
)


2022-05-11 19:09:12,370 [INFO] sqlalchemy.engine.Engine: [no key 0.00025s] ()
2022-05-11 19:09:12,370 [INFO] sqlalchemy.engine.Engine: COMMIT
2022-05-11 19:09:12,379 [INFO] sqlalchemy.engine.Engine: BEGIN (implicit)
2022-05-11 19:09:12,379 [INFO] sqlalchemy.engine.Engine: PRAGMA main.table_info("users")
2022-05-11 19:09:12,380 [INFO] sqlalchemy.engine.Engine: [raw sql] ()
2022-05-11 19:09:12,380 [INFO] sqlalchemy.engine.Engine: PRAGMA temp.table_info("users")
2022-05-11 19:09:12,380 [INFO] sqlalchemy.engine.Engine: [raw sql] ()
2022-05-11 19:09:12,381 [INFO] sqlalchemy.engine.Engine: 
CREATE TABLE users (
	id INTEGER NOT NULL, 
	email VARCHAR(120) NOT NULL, 
	password VARCHAR(300) NOT NULL, 
	about VARCHAR(300), 
	authenticated BOOLEAN, 
	registered_on DATETIME, 
	is_active BOOLEAN DEFAULT '1' NOT NULL, 
	is_admin BOOLEAN DEFAULT '0' NOT NULL, 
	PRIMARY KEY (id), 
	UNIQUE (email), 
	UNIQUE (password)
)


2022-05-11 19:09:12,381 [INFO] sqlalchemy.engine.Engine: [no key 0.00030s] ()
2022-05-11 19:09:12,382 [INFO] sqlalchemy.engine.Engine: COMMIT
2022-05-11 19:09:12,383 [INFO] sqlalchemy.engine.Engine: BEGIN (implicit)
2022-05-11 19:09:12,384 [INFO] sqlalchemy.engine.Engine: PRAGMA main.table_info("users")
2022-05-11 19:09:12,384 [INFO] sqlalchemy.engine.Engine: [raw sql] ()
2022-05-11 19:09:12,384 [INFO] sqlalchemy.engine.Engine: COMMIT
2022-05-11 19:09:12,385 [INFO] sqlalchemy.engine.Engine: BEGIN (implicit)
2022-05-11 19:09:12,385 [INFO] sqlalchemy.engine.Engine: PRAGMA main.table_info("users")
2022-05-11 19:09:12,385 [INFO] sqlalchemy.engine.Engine: [raw sql] ()
2022-05-11 19:09:12,386 [INFO] sqlalchemy.engine.Engine: COMMIT
2022-05-11 19:09:12,490 [INFO] sqlalchemy.engine.Engine: BEGIN (implicit)
2022-05-11 19:09:12,490 [INFO] sqlalchemy.engine.Engine: PRAGMA main.table_info("users")
2022-05-11 19:09:12,490 [INFO] sqlalchemy.engine.Engine: [raw sql] ()
2022-05-11 19:09:12,491 [INFO] sqlalchemy.engine.Engine: PRAGMA temp.table_info("users")
2022-05-11 19:09:12,491 [INFO] sqlalchemy.engine.Engine: [raw sql] ()
2022-05-11 19:09:12,492 [INFO] sqlalchemy.engine.Engine: 
CREATE TABLE users (
	id INTEGER NOT NULL, 
	email VARCHAR(120) NOT NULL, 
	password VARCHAR(300) NOT NULL, 
	about VARCHAR(300), 
	authenticated BOOLEAN, 
	registered_on DATETIME, 
	is_active BOOLEAN DEFAULT '1' NOT NULL, 
	is_admin BOOLEAN DEFAULT '0' NOT NULL, 
	PRIMARY KEY (id), 
	UNIQUE (email), 
	UNIQUE (password)
)


2022-05-11 19:09:12,492 [INFO] sqlalchemy.engine.Engine: [no key 0.00025s] ()
2022-05-11 19:09:12,492 [INFO] sqlalchemy.engine.Engine: COMMIT
2022-05-11 19:09:12,494 [INFO] sqlalchemy.engine.Engine: BEGIN (implicit)
2022-05-11 19:09:12,494 [INFO] sqlalchemy.engine.Engine: PRAGMA main.table_info("users")
2022-05-11 19:09:12,494 [INFO] sqlalchemy.engine.Engine: [raw sql] ()
2022-05-11 19:09:12,495 [INFO] sqlalchemy.engine.Engine: COMMIT
2022-05-11 19:09:12,495 [INFO] sqlalchemy.engine.Engine: BEGIN (implicit)
2022-05-11 19:09:12,495 [INFO] sqlalchemy.engine.Engine: PRAGMA main.table_info("users")
2022-05-11 19:09:12,495 [INFO] sqlalchemy.engine.Engine: [raw sql] ()
2022-05-11 19:09:12,496 [INFO] sqlalchemy.engine.Engine: COMMIT
2022-05-11 19:09:12,594 [INFO] sqlalchemy.engine.Engine: BEGIN (implicit)
2022-05-11 19:09:12,594 [INFO] sqlalchemy.engine.Engine: PRAGMA main.table_info("users")
2022-05-11 19:09:12,594 [INFO] sqlalchemy.engine.Engine: [raw sql] ()
2022-05-11 19:09:12,595 [INFO] sqlalchemy.engine.Engine: PRAGMA temp.table_info("users")
2022-05-11 19:09:12,595 [INFO] sqlalchemy.engine.Engine: [raw sql] ()
2022-05-11 19:09:12,596 [INFO] sqlalchemy.engine.Engine: 
CREATE TABLE users (
	id INTEGER NOT NULL, 
	email VARCHAR(120) NOT NULL, 
	password VARCHAR(300) NOT NULL, 
	about VARCHAR(300), 
	authenticated BOOLEAN, 
	registered_on DATETIME, 
	is_active BOOLEAN DEFAULT '1' NOT NULL, 
	is_admin BOOLEAN DEFAULT '0' NOT NULL, 
	PRIMARY KEY (id), 
	UNIQUE (email), 
	UNIQUE (password)
)


2022-05-11 19:09:12,596 [INFO] sqlalchemy.engine.Engine: [no key 0.00025s] ()
2022-05-11 19:09:12,596 [INFO] sqlalchemy.engine.Engine: COMMIT
2022-05-11 19:09:12,598 [INFO] sqlalchemy.engine.Engine: BEGIN (implicit)
2022-05-11 19:09:12,598 [INFO] sqlalchemy.engine.Engine: PRAGMA main.table_info("users")
2022-05-11 19:09:12,598 [INFO] sqlalchemy.engine.Engine: [raw sql] ()
2022-05-11 19:09:12,598 [INFO] sqlalchemy.engine.Engine: COMMIT
2022-05-11 19:09:12,599 [INFO] sqlalchemy.engine.Engine: BEGIN (implicit)
2022-05-11 19:09:12,599 [INFO] sqlalchemy.engine.Engine: PRAGMA main.table_info("users")
2022-05-11 19:09:12,599 [INFO] sqlalchemy.engine.Engine: [raw sql] ()
2022-05-11 19:09:12,600 [INFO] sqlalchemy.engine.Engine: COMMIT
2022-05-11 19:09:12,703 [INFO] sqlalchemy.engine.Engine: BEGIN (implicit)
2022-05-11 19:09:12,703 [INFO] sqlalchemy.engine.Engine: PRAGMA main.table_info("users")
2022-05-11 19:09:12,703 [INFO] sqlalchemy.engine.Engine: [raw sql] ()
2022-05-11 19:09:12,704 [INFO] sqlalchemy.engine.Engine: PRAGMA temp.table_info("users")
2022-05-11 19:09:12,704 [INFO] sqlalchemy.engine.Engine: [raw sql] ()
2022-05-11 19:09:12,705 [INFO] sqlalchemy.engine.Engine: 
CREATE TABLE users (
	id INTEGER NOT NULL, 
	email VARCHAR(120) NOT NULL, 
	password VARCHAR(300) NOT NULL, 
	about VARCHAR(300), 
	authenticated BOOLEAN, 
	registered_on DATETIME, 
	is_active BOOLEAN DEFAULT '1' NOT NULL, 
	is_admin BOOLEAN DEFAULT '0' NOT NULL, 
	PRIMARY KEY (id), 
	UNIQUE (email), 
	UNIQUE (password)
)


2022-05-11 19:09:12,705 [INFO] sqlalchemy.engine.Engine: [no key 0.00030s] ()
2022-05-11 19:09:12,706 [INFO] sqlalchemy.engine.Engine: COMMIT
2022-05-11 19:09:12,707 [INFO] sqlalchemy.engine.Engine: BEGIN (implicit)
2022-05-11 19:09:12,707 [INFO] sqlalchemy.engine.Engine: PRAGMA main.table_info("users")
2022-05-11 19:09:12,708 [INFO] sqlalchemy.engine.Engine: [raw sql] ()
2022-05-11 19:09:12,708 [INFO] sqlalchemy.engine.Engine: COMMIT
2022-05-11 19:09:12,708 [INFO] sqlalchemy.engine.Engine: BEGIN (implicit)
2022-05-11 19:09:12,708 [INFO] sqlalchemy.engine.Engine: PRAGMA main.table_info("users")
2022-05-11 19:09:12,709 [INFO] sqlalchemy.engine.Engine: [raw sql] ()
2022-05-11 19:09:12,709 [INFO] sqlalchemy.engine.Engine: COMMIT
2022-05-11 19:09:12,811 [INFO] sqlalchemy.engine.Engine: BEGIN (implicit)
2022-05-11 19:09:12,811 [INFO] sqlalchemy.engine.Engine: PRAGMA main.table_info("users")
2022-05-11 19:09:12,811 [INFO] sqlalchemy.engine.Engine: [raw sql] ()
2022-05-11 19:09:12,812 [INFO] sqlalchemy.engine.Engine: PRAGMA temp.table_info("users")
2022-05-11 19:09:12,812 [INFO] sqlalchemy.engine.Engine: [raw sql] ()
2022-05-11 19:09:12,813 [INFO] sqlalchemy.engine.Engine: 
CREATE TABLE users (
	id INTEGER NOT NULL, 
	email VARCHAR(120) NOT NULL, 
	password VARCHAR(300) NOT NULL, 
	about VARCHAR(300), 
	authenticated BOOLEAN, 
	registered_on DATETIME, 
	is_active BOOLEAN DEFAULT '1' NOT NULL, 
	is_admin BOOLEAN DEFAULT '0' NOT NULL, 
	PRIMARY KEY (id), 
	UNIQUE (email), 
	UNIQUE (password)
)


2022-05-11 19:09:12,813 [INFO] sqlalchemy.engine.Engine: [no key 0.00025s] ()
2022-05-11 19:09:12,813 [INFO] sqlalchemy.engine.Engine: COMMIT
2022-05-11 19:09:12,815 [INFO] sqlalchemy.engine.Engine: BEGIN (implicit)
2022-05-11 19:09:12,815 [INFO] sqlalchemy.engine.Engine: PRAGMA main.table_info("users")
2022-05-11 19:09:12,815 [INFO] sqlalchemy.engine.Engine: [raw sql] ()
2022-05-11 19:09:12,816 [INFO] sqlalchemy.engine.Engine: COMMIT
2022-05-11 19:09:12,816 [INFO] sqlalchemy.engine.Engine: BEGIN (implicit)
2022-05-11 19:09:12,816 [INFO] sqlalchemy.engine.Engine: PRAGMA main.table_info("users")
2022-05-11 19:09:12,817 [INFO] sqlalchemy.engine.Engine: [raw sql] ()
2022-05-11 19:09:12,817 [INFO] sqlalchemy.engine.Engine: COMMIT
2022-05-11 19:09:12,929 [INFO] sqlalchemy.engine.Engine: BEGIN (implicit)
2022-05-11 19:09:12,929 [INFO] sqlalchemy.engine.Engine: PRAGMA main.table_info("users")
2022-05-11 19:09:12,930 [INFO] sqlalchemy.engine.Engine: [raw sql] ()
2022-05-11 19:09:12,930 [INFO] sqlalchemy.engine.Engine: PRAGMA temp.table_info("users")
2022-05-11 19:09:12,930 [INFO] sqlalchemy.engine.Engine: [raw sql] ()
2022-05-11 19:09:12,931 [INFO] sqlalchemy.engine.Engine: 
CREATE TABLE users (
	id INTEGER NOT NULL, 
	email VARCHAR(120) NOT NULL, 
	password VARCHAR(300) NOT NULL, 
	about VARCHAR(300), 
	authenticated BOOLEAN, 
	registered_on DATETIME, 
	is_active BOOLEAN DEFAULT '1' NOT NULL, 
	is_admin BOOLEAN DEFAULT '0' NOT NULL, 
	PRIMARY KEY (id), 
	UNIQUE (email), 
	UNIQUE (password)
)


2022-05-11 19:09:12,931 [INFO] sqlalchemy.engine.Engine: [no key 0.00032s] ()
2022-05-11 19:09:12,932 [INFO] sqlalchemy.engine.Engine: COMMIT
2022-05-11 19:09:12,933 [INFO] sqlalchemy.engine.Engine: BEGIN (implicit)
2022-05-11 19:09:12,934 [INFO] sqlalchemy.engine.Engine: PRAGMA main.table_info("users")
2022-05-11 19:09:12,934 [INFO] sqlalchemy.engine.Engine: [raw sql] ()
2022-05-11 19:09:12,934 [INFO] sqlalchemy.engine.Engine: COMMIT
2022-05-11 19:09:12,935 [INFO] sqlalchemy.engine.Engine: BEGIN (implicit)
2022-05-11 19:09:12,935 [INFO] sqlalchemy.engine.Engine: PRAGMA main.table_info("users")
2022-05-11 19:09:12,935 [INFO] sqlalchemy.engine.Engine: [raw sql] ()
2022-05-11 19:09:12,936 [INFO] sqlalchemy.engine.Engine: COMMIT
2022-05-11 19:09:13,046 [INFO] sqlalchemy.engine.Engine: BEGIN (implicit)
2022-05-11 19:09:13,047 [INFO] sqlalchemy.engine.Engine: PRAGMA main.table_info("users")
2022-05-11 19:09:13,047 [INFO] sqlalchemy.engine.Engine: [raw sql] ()
2022-05-11 19:09:13,048 [INFO] sqlalchemy.engine.Engine: PRAGMA temp.table_info("users")
2022-05-11 19:09:13,048 [INFO] sqlalchemy.engine.Engine: [raw sql] ()
2022-05-11 19:09:13,048 [INFO] sqlalchemy.engine.Engine: 
CREATE TABLE users (
	id INTEGER NOT NULL, 
	email VARCHAR(120) NOT NULL, 
	password VARCHAR(300) NOT NULL, 
	about VARCHAR(300), 
	authenticated BOOLEAN, 
	registered_on DATETIME, 
	is_active BOOLEAN DEFAULT '1' NOT NULL, 
	is_admin BOOLEAN DEFAULT '0' NOT NULL, 
	PRIMARY KEY (id), 
	UNIQUE (email), 
	UNIQUE (password)
)


2022-05-11 19:09:13,049 [INFO] sqlalchemy.engine.Engine: [no key 0.00027s] ()
2022-05-11 19:09:13,049 [INFO] sqlalchemy.engine.Engine: COMMIT
2022-05-11 19:09:13,050 [INFO] sqlalchemy.engine.Engine: BEGIN (implicit)
2022-05-11 19:09:13,051 [INFO] sqlalchemy.engine.Engine: PRAGMA main.table_info("users")
2022-05-11 19:09:13,051 [INFO] sqlalchemy.engine.Engine: [raw sql] ()
2022-05-11 19:09:13,051 [INFO] sqlalchemy.engine.Engine: COMMIT
2022-05-11 19:09:13,052 [INFO] sqlalchemy.engine.Engine: BEGIN (implicit)
2022-05-11 19:09:13,052 [INFO] sqlalchemy.engine.Engine: PRAGMA main.table_info("users")
2022-05-11 19:09:13,052 [INFO] sqlalchemy.engine.Engine: [raw sql] ()
2022-05-11 19:09:13,053 [INFO] sqlalchemy.engine.Engine: COMMIT
2022-05-11 19:09:13,150 [INFO] sqlalchemy.engine.Engine: BEGIN (implicit)
2022-05-11 19:09:13,151 [INFO] sqlalchemy.engine.Engine: PRAGMA main.table_info("users")
2022-05-11 19:09:13,151 [INFO] sqlalchemy.engine.Engine: [raw sql] ()
2022-05-11 19:09:13,151 [INFO] sqlalchemy.engine.Engine: PRAGMA temp.table_info("users")
2022-05-11 19:09:13,152 [INFO] sqlalchemy.engine.Engine: [raw sql] ()
2022-05-11 19:09:13,152 [INFO] sqlalchemy.engine.Engine: 
CREATE TABLE users (
	id INTEGER NOT NULL, 
	email VARCHAR(120) NOT NULL, 
	password VARCHAR(300) NOT NULL, 
	about VARCHAR(300), 
	authenticated BOOLEAN, 
	registered_on DATETIME, 
	is_active BOOLEAN DEFAULT '1' NOT NULL, 
	is_admin BOOLEAN DEFAULT '0' NOT NULL, 
	PRIMARY KEY (id), 
	UNIQUE (email), 
	UNIQUE (password)
)


2022-05-11 19:09:13,153 [INFO] sqlalchemy.engine.Engine: [no key 0.00027s] ()
2022-05-11 19:09:13,153 [INFO] sqlalchemy.engine.Engine: COMMIT
2022-05-11 19:09:13,154 [INFO] sqlalchemy.engine.Engine: BEGIN (implicit)
2022-05-11 19:09:13,155 [INFO] sqlalchemy.engine.Engine: PRAGMA main.table_info("users")
2022-05-11 19:09:13,155 [INFO] sqlalchemy.engine.Engine: [raw sql] ()
2022-05-11 19:09:13,155 [INFO] sqlalchemy.engine.Engine: COMMIT
2022-05-11 19:09:13,156 [INFO] sqlalchemy.engine.Engine: BEGIN (implicit)
2022-05-11 19:09:13,156 [INFO] sqlalchemy.engine.Engine: PRAGMA main.table_info("users")
2022-05-11 19:09:13,156 [INFO] sqlalchemy.engine.Engine: [raw sql] ()
2022-05-11 19:09:13,156 [INFO] sqlalchemy.engine.Engine: COMMIT
2022-05-11 19:09:13,254 [INFO] sqlalchemy.engine.Engine: BEGIN (implicit)
2022-05-11 19:09:13,255 [INFO] sqlalchemy.engine.Engine: PRAGMA main.table_info("users")
2022-05-11 19:09:13,255 [INFO] sqlalchemy.engine.Engine: [raw sql] ()
2022-05-11 19:09:13,255 [INFO] sqlalchemy.engine.Engine: PRAGMA temp.table_info("users")
2022-05-11 19:09:13,256 [INFO] sqlalchemy.engine.Engine: [raw sql] ()
2022-05-11 19:09:13,256 [INFO] sqlalchemy.engine.Engine: 
CREATE TABLE users (
	id INTEGER NOT NULL, 
	email VARCHAR(120) NOT NULL, 
	password VARCHAR(300) NOT NULL, 
	about VARCHAR(300), 
	authenticated BOOLEAN, 
	registered_on DATETIME, 
	is_active BOOLEAN DEFAULT '1' NOT NULL, 
	is_admin BOOLEAN DEFAULT '0' NOT NULL, 
	PRIMARY KEY (id), 
	UNIQUE (email), 
	UNIQUE (password)
)


2022-05-11 19:09:13,257 [INFO] sqlalchemy.engine.Engine: [no key 0.00025s] ()
2022-05-11 19:09:13,257 [INFO] sqlalchemy.engine.Engine: COMMIT
2022-05-11 19:09:13,259 [INFO] sqlalchemy.engine.Engine: BEGIN (implicit)
2022-05-11 19:09:13,259 [INFO] sqlalchemy.engine.Engine: PRAGMA main.table_info("users")
2022-05-11 19:09:13,259 [INFO] sqlalchemy.engine.Engine: [raw sql] ()
2022-05-11 19:09:13,260 [INFO] sqlalchemy.engine.Engine: COMMIT
2022-05-11 19:09:13,260 [INFO] sqlalchemy.engine.Engine: BEGIN (implicit)
2022-05-11 19:09:13,260 [INFO] sqlalchemy.engine.Engine: PRAGMA main.table_info("users")
2022-05-11 19:09:13,261 [INFO] sqlalchemy.engine.Engine: [raw sql] ()
2022-05-11 19:09:13,261 [INFO] sqlalchemy.engine.Engine: COMMIT
2022-05-11 19:09:13,360 [INFO] sqlalchemy.engine.Engine: BEGIN (implicit)
2022-05-11 19:09:13,361 [INFO] sqlalchemy.engine.Engine: PRAGMA main.table_info("users")
2022-05-11 19:09:13,361 [INFO] sqlalchemy.engine.Engine: [raw sql] ()
2022-05-11 19:09:13,361 [INFO] sqlalchemy.engine.Engine: PRAGMA temp.table_info("users")
2022-05-11 19:09:13,361 [INFO] sqlalchemy.engine.Engine: [raw sql] ()
2022-05-11 19:09:13,362 [INFO] sqlalchemy.engine.Engine: 
CREATE TABLE users (
	id INTEGER NOT NULL, 
	email VARCHAR(120) NOT NULL, 
	password VARCHAR(300) NOT NULL, 
	about VARCHAR(300), 
	authenticated BOOLEAN, 
	registered_on DATETIME, 
	is_active BOOLEAN DEFAULT '1' NOT NULL, 
	is_admin BOOLEAN DEFAULT '0' NOT NULL, 
	PRIMARY KEY (id), 
	UNIQUE (email), 
	UNIQUE (password)
)


2022-05-11 19:09:13,362 [INFO] sqlalchemy.engine.Engine: [no key 0.00024s] ()
2022-05-11 19:09:13,363 [INFO] sqlalchemy.engine.Engine: COMMIT
2022-05-11 19:09:13,364 [INFO] sqlalchemy.engine.Engine: BEGIN (implicit)
2022-05-11 19:09:13,365 [INFO] sqlalchemy.engine.Engine: PRAGMA main.table_info("users")
2022-05-11 19:09:13,365 [INFO] sqlalchemy.engine.Engine: [raw sql] ()
2022-05-11 19:09:13,365 [INFO] sqlalchemy.engine.Engine: COMMIT
2022-05-11 19:09:13,365 [INFO] sqlalchemy.engine.Engine: BEGIN (implicit)
2022-05-11 19:09:13,366 [INFO] sqlalchemy.engine.Engine: PRAGMA main.table_info("users")
2022-05-11 19:09:13,366 [INFO] sqlalchemy.engine.Engine: [raw sql] ()
2022-05-11 19:09:13,366 [INFO] sqlalchemy.engine.Engine: COMMIT
2022-05-11 19:09:13,463 [INFO] sqlalchemy.engine.Engine: BEGIN (implicit)
2022-05-11 19:09:13,463 [INFO] sqlalchemy.engine.Engine: PRAGMA main.table_info("users")
2022-05-11 19:09:13,464 [INFO] sqlalchemy.engine.Engine: [raw sql] ()
2022-05-11 19:09:13,464 [INFO] sqlalchemy.engine.Engine: PRAGMA temp.table_info("users")
2022-05-11 19:09:13,464 [INFO] sqlalchemy.engine.Engine: [raw sql] ()
2022-05-11 19:09:13,465 [INFO] sqlalchemy.engine.Engine: 
CREATE TABLE users (
	id INTEGER NOT NULL, 
	email VARCHAR(120) NOT NULL, 
	password VARCHAR(300) NOT NULL, 
	about VARCHAR(300), 
	authenticated BOOLEAN, 
	registered_on DATETIME, 
	is_active BOOLEAN DEFAULT '1' NOT NULL, 
	is_admin BOOLEAN DEFAULT '0' NOT NULL, 
	PRIMARY KEY (id), 
	UNIQUE (email), 
	UNIQUE (password)
)


2022-05-11 19:09:13,465 [INFO] sqlalchemy.engine.Engine: [no key 0.00024s] ()
2022-05-11 19:09:13,465 [INFO] sqlalchemy.engine.Engine: COMMIT
2022-05-11 19:09:13,467 [INFO] sqlalchemy.engine.Engine: BEGIN (implicit)
2022-05-11 19:09:13,467 [INFO] sqlalchemy.engine.Engine: PRAGMA main.table_info("users")
2022-05-11 19:09:13,467 [INFO] sqlalchemy.engine.Engine: [raw sql] ()
2022-05-11 19:09:13,468 [INFO] sqlalchemy.engine.Engine: COMMIT
2022-05-11 19:09:13,468 [INFO] sqlalchemy.engine.Engine: BEGIN (implicit)
2022-05-11 19:09:13,468 [INFO] sqlalchemy.engine.Engine: PRAGMA main.table_info("users")
2022-05-11 19:09:13,469 [INFO] sqlalchemy.engine.Engine: [raw sql] ()
2022-05-11 19:09:13,469 [INFO] sqlalchemy.engine.Engine: COMMIT
2022-05-11 19:09:13,566 [INFO] sqlalchemy.engine.Engine: BEGIN (implicit)
2022-05-11 19:09:13,566 [INFO] sqlalchemy.engine.Engine: PRAGMA main.table_info("users")
2022-05-11 19:09:13,566 [INFO] sqlalchemy.engine.Engine: [raw sql] ()
2022-05-11 19:09:13,567 [INFO] sqlalchemy.engine.Engine: PRAGMA temp.table_info("users")
2022-05-11 19:09:13,567 [INFO] sqlalchemy.engine.Engine: [raw sql] ()
2022-05-11 19:09:13,568 [INFO] sqlalchemy.engine.Engine: 
CREATE TABLE users (
	id INTEGER NOT NULL, 
	email VARCHAR(120) NOT NULL, 
	password VARCHAR(300) NOT NULL, 
	about VARCHAR(300), 
	authenticated BOOLEAN, 
	registered_on DATETIME, 
	is_active BOOLEAN DEFAULT '1' NOT NULL, 
	is_admin BOOLEAN DEFAULT '0' NOT NULL, 
	PRIMARY KEY (id), 
	UNIQUE (email), 
	UNIQUE (password)
)


2022-05-11 19:09:13,568 [INFO] sqlalchemy.engine.Engine: [no key 0.00025s] ()
2022-05-11 19:09:13,568 [INFO] sqlalchemy.engine.Engine: COMMIT
2022-05-11 19:09:13,571 [INFO] sqlalchemy.engine.Engine: BEGIN (implicit)
2022-05-11 19:09:13,574 [INFO] sqlalchemy.engine.Engine: SELECT count(*) AS count_1 
FROM (SELECT users.is_active AS users_is_active, users.id AS users_id, users.email AS users_email, users.password AS users_password, users.about AS users_about, users.authenticated AS users_authenticated, users.registered_on AS users_registered_on, users.is_admin AS users_is_admin 
FROM users) AS anon_1
2022-05-11 19:09:13,574 [INFO] sqlalchemy.engine.Engine: [generated in 0.00043s] ()
2022-05-11 19:09:13,576 [INFO] sqlalchemy.engine.Engine: INSERT INTO users (email, password, about, authenticated, registered_on) VALUES (?, ?, ?, ?, ?)
2022-05-11 19:09:13,576 [INFO] sqlalchemy.engine.Engine: [generated in 0.00037s] ('keith@webizly.com', 'passtest', None, 0, '2022-05-11 23:09:13.575784')
2022-05-11 19:09:13,577 [INFO] sqlalchemy.engine.Engine: SELECT users.is_active AS users_is_active, users.id AS users_id, users.email AS users_email, users.password AS users_password, users.about AS users_about, users.authenticated AS users_authenticated, users.registered_on AS users_registered_on, users.is_admin AS users_is_admin 
FROM users 
WHERE users.email = ?
 LIMIT ? OFFSET ?
2022-05-11 19:09:13,578 [INFO] sqlalchemy.engine.Engine: [generated in 0.00028s] ('keith@webizly.com', 1, 0)
2022-05-11 19:09:13,578 [INFO] sqlalchemy.engine.Engine: COMMIT
2022-05-11 19:09:13,579 [INFO] sqlalchemy.engine.Engine: BEGIN (implicit)
2022-05-11 19:09:13,580 [INFO] sqlalchemy.engine.Engine: SELECT users.is_active AS users_is_active, users.id AS users_id, users.email AS users_email, users.password AS users_password, users.about AS users_about, users.authenticated AS users_authenticated, users.registered_on AS users_registered_on, users.is_admin AS users_is_admin 
FROM users 
WHERE users.id = ?
2022-05-11 19:09:13,581 [INFO] sqlalchemy.engine.Engine: [generated in 0.00034s] (1,)
2022-05-11 19:09:13,582 [INFO] sqlalchemy.engine.Engine: DELETE FROM users WHERE users.id = ?
2022-05-11 19:09:13,582 [INFO] sqlalchemy.engine.Engine: [generated in 0.00030s] (1,)
2022-05-11 19:09:13,582 [INFO] sqlalchemy.engine.Engine: SELECT count(*) AS count_1 
FROM (SELECT users.is_active AS users_is_active, users.id AS users_id, users.email AS users_email, users.password AS users_password, users.about AS users_about, users.authenticated AS users_authenticated, users.registered_on AS users_registered_on, users.is_admin AS users_is_admin 
FROM users) AS anon_1
2022-05-11 19:09:13,583 [INFO] sqlalchemy.engine.Engine: [cached since 0.008989s ago] ()
2022-05-11 19:09:13,583 [INFO] sqlalchemy.engine.Engine: ROLLBACK
